Determining if the pthread_create exist failed with the following output:
Change Dir: /home/zzh/ROS/X.OTHERS/QXWZ_ROS_WS/build/CMakeFiles/CMakeTmp

Run Build Command:"/usr/bin/make" "cmTC_48e80/fast"
/usr/bin/make -f CMakeFiles/cmTC_48e80.dir/build.make CMakeFiles/cmTC_48e80.dir/build
make[1]: Entering directory '/home/zzh/ROS/X.OTHERS/QXWZ_ROS_WS/build/CMakeFiles/CMakeTmp'
Building C object CMakeFiles/cmTC_48e80.dir/CheckSymbolExists.c.o
/usr/bin/cc     -o CMakeFiles/cmTC_48e80.dir/CheckSymbolExists.c.o   -c /home/zzh/ROS/X.OTHERS/QXWZ_ROS_WS/build/CMakeFiles/CMakeTmp/CheckSymbolExists.c
Linking C executable cmTC_48e80
/usr/bin/cmake -E cmake_link_script CMakeFiles/cmTC_48e80.dir/link.txt --verbose=1
/usr/bin/cc       CMakeFiles/cmTC_48e80.dir/CheckSymbolExists.c.o  -o cmTC_48e80 -rdynamic 
CMakeFiles/cmTC_48e80.dir/CheckSymbolExists.c.o：在函数‘main’中：
CheckSymbolExists.c:(.text+0x16)：对‘pthread_create’未定义的引用
collect2: error: ld returned 1 exit status
CMakeFiles/cmTC_48e80.dir/build.make:97: recipe for target 'cmTC_48e80' failed
make[1]: *** [cmTC_48e80] Error 1
make[1]: Leaving directory '/home/zzh/ROS/X.OTHERS/QXWZ_ROS_WS/build/CMakeFiles/CMakeTmp'
Makefile:126: recipe for target 'cmTC_48e80/fast' failed
make: *** [cmTC_48e80/fast] Error 2

File /home/zzh/ROS/X.OTHERS/QXWZ_ROS_WS/build/CMakeFiles/CMakeTmp/CheckSymbolExists.c:
/* */
#include <pthread.h>

int main(int argc, char** argv)
{
  (void)argv;
#ifndef pthread_create
  return ((int*)(&pthread_create))[argc];
#else
  (void)argc;
  return 0;
#endif
}

Determining if the function pthread_create exists in the pthreads failed with the following output:
Change Dir: /home/zzh/ROS/X.OTHERS/QXWZ_ROS_WS/build/CMakeFiles/CMakeTmp

Run Build Command:"/usr/bin/make" "cmTC_1cde3/fast"
/usr/bin/make -f CMakeFiles/cmTC_1cde3.dir/build.make CMakeFiles/cmTC_1cde3.dir/build
make[1]: Entering directory '/home/zzh/ROS/X.OTHERS/QXWZ_ROS_WS/build/CMakeFiles/CMakeTmp'
Building C object CMakeFiles/cmTC_1cde3.dir/CheckFunctionExists.c.o
/usr/bin/cc    -DCHECK_FUNCTION_EXISTS=pthread_create   -o CMakeFiles/cmTC_1cde3.dir/CheckFunctionExists.c.o   -c /usr/share/cmake-3.5/Modules/CheckFunctionExists.c
Linking C executable cmTC_1cde3
/usr/bin/cmake -E cmake_link_script CMakeFiles/cmTC_1cde3.dir/link.txt --verbose=1
/usr/bin/cc   -DCHECK_FUNCTION_EXISTS=pthread_create    CMakeFiles/cmTC_1cde3.dir/CheckFunctionExists.c.o  -o cmTC_1cde3 -rdynamic -lpthreads 
/usr/bin/ld: 找不到 -lpthreads
collect2: error: ld returned 1 exit status
CMakeFiles/cmTC_1cde3.dir/build.make:97: recipe for target 'cmTC_1cde3' failed
make[1]: *** [cmTC_1cde3] Error 1
make[1]: Leaving directory '/home/zzh/ROS/X.OTHERS/QXWZ_ROS_WS/build/CMakeFiles/CMakeTmp'
Makefile:126: recipe for target 'cmTC_1cde3/fast' failed
make: *** [cmTC_1cde3/fast] Error 2


